# JRE version: Java(TM) SE Runtime Environment 18.9 (11.0.10+8) (build 11.0.10+8-LTS-162)
# Java VM: Java HotSpot(TM) 64-Bit Server VM 18.9 (11.0.10+8-LTS-162, mixed mode, tiered, compressed oops, g1 gc, windows-amd64)
Heap:
 garbage-first heap   total 65536K, used 10478K [0x00000000c1400000, 0x0000000100000000)
  region size 1024K, 6 young (6144K), 3 survivors (3072K)
 Metaspace       used 20955K, capacity 21745K, committed 21888K, reserved 1069056K
  class space    used 2345K, capacity 2638K, committed 2688K, reserved 1048576K
GC Heap History (10 events):
Event: 2.682 GC heap before
{Heap before GC invocations=1 (full 0):
 garbage-first heap   total 65536K, used 6571K [0x00000000c1400000, 0x0000000100000000)
  region size 1024K, 6 young (6144K), 1 survivors (1024K)
 Metaspace       used 9377K, capacity 9609K, committed 9728K, reserved 1058816K
  class space    used 846K, capacity 910K, committed 1024K, reserved 1048576K
}
Event: 2.691 GC heap after
{Heap after GC invocations=2 (full 0):
 garbage-first heap   total 65536K, used 5697K [0x00000000c1400000, 0x0000000100000000)
  region size 1024K, 1 young (1024K), 1 survivors (1024K)
 Metaspace       used 9377K, capacity 9609K, committed 9728K, reserved 1058816K
  class space    used 846K, capacity 910K, committed 1024K, reserved 1048576K
}
Event: 4.785 GC heap before
{Heap before GC invocations=2 (full 0):
 garbage-first heap   total 65536K, used 15937K [0x00000000c1400000, 0x0000000100000000)
  region size 1024K, 11 young (11264K), 1 survivors (1024K)
 Metaspace       used 12029K, capacity 12331K, committed 12672K, reserved 1060864K
  class space    used 1176K, capacity 1294K, committed 1408K, reserved 1048576K
}
Event: 4.834 GC heap after
{Heap after GC invocations=3 (full 0):
 garbage-first heap   total 65536K, used 6107K [0x00000000c1400000, 0x0000000100000000)
  region size 1024K, 2 young (2048K), 2 survivors (2048K)
 Metaspace       used 12029K, capacity 12331K, committed 12672K, reserved 1060864K
  class space    used 1176K, capacity 1294K, committed 1408K, reserved 1048576K
}
Event: 8.928 GC heap before
{Heap before GC invocations=3 (full 0):
 garbage-first heap   total 65536K, used 21467K [0x00000000c1400000, 0x0000000100000000)
  region size 1024K, 17 young (17408K), 2 survivors (2048K)
 Metaspace       used 14995K, capacity 15568K, committed 15616K, reserved 1062912K
  class space    used 1561K, capacity 1784K, committed 1792K, reserved 1048576K
}
Event: 8.938 GC heap after
{Heap after GC invocations=4 (full 0):
 garbage-first heap   total 65536K, used 6796K [0x00000000c1400000, 0x0000000100000000)
  region size 1024K, 3 young (3072K), 3 survivors (3072K)
 Metaspace       used 14995K, capacity 15568K, committed 15616K, reserved 1062912K
  class space    used 1561K, capacity 1784K, committed 1792K, reserved 1048576K
}
Event: 16.701 GC heap before
{Heap before GC invocations=4 (full 0):
 garbage-first heap   total 65536K, used 31372K [0x00000000c1400000, 0x0000000100000000)
  region size 1024K, 27 young (27648K), 3 survivors (3072K)
 Metaspace       used 19337K, capacity 20018K, committed 20096K, reserved 1067008K
  class space    used 2109K, capacity 2380K, committed 2432K, reserved 1048576K
}
Event: 16.716 GC heap after
{Heap after GC invocations=5 (full 0):
 garbage-first heap   total 65536K, used 7745K [0x00000000c1400000, 0x0000000100000000)
  region size 1024K, 3 young (3072K), 3 survivors (3072K)
 Metaspace       used 19337K, capacity 20018K, committed 20096K, reserved 1067008K
  class space    used 2109K, capacity 2380K, committed 2432K, reserved 1048576K
}
Event: 17.816 GC heap before
{Heap before GC invocations=5 (full 0):
 garbage-first heap   total 65536K, used 13889K [0x00000000c1400000, 0x0000000100000000)
  region size 1024K, 10 young (10240K), 3 survivors (3072K)
 Metaspace       used 20518K, capacity 21204K, committed 21248K, reserved 1069056K
  class space    used 2281K, capacity 2543K, committed 2560K, reserved 1048576K
}
Event: 17.830 GC heap after
{Heap after GC invocations=6 (full 0):
 garbage-first heap   total 65536K, used 8430K [0x00000000c1400000, 0x0000000100000000)
  region size 1024K, 3 young (3072K), 3 survivors (3072K)
 Metaspace       used 20518K, capacity 21204K, committed 21248K, reserved 1069056K
  class space    used 2281K, capacity 2543K, committed 2560K, reserved 1048576K
}

