# JRE version: Java(TM) SE Runtime Environment 18.9 (11.0.10+8) (build 11.0.10+8-LTS-162)
# Java VM: Java HotSpot(TM) 64-Bit Server VM 18.9 (11.0.10+8-LTS-162, mixed mode, tiered, compressed oops, g1 gc, windows-amd64)
Heap:
 garbage-first heap   total 65536K, used 29725K [0x00000000c1400000, 0x0000000100000000)
  region size 1024K, 28 young (28672K), 2 survivors (2048K)
 Metaspace       used 18301K, capacity 18573K, committed 18816K, reserved 1067008K
  class space    used 1990K, capacity 2111K, committed 2176K, reserved 1048576K
GC Heap History (8 events):
Event: 1.388 GC heap before
{Heap before GC invocations=0 (full 0):
 garbage-first heap   total 65536K, used 7168K [0x00000000c1400000, 0x0000000100000000)
  region size 1024K, 7 young (7168K), 0 survivors (0K)
 Metaspace       used 7881K, capacity 7998K, committed 8320K, reserved 1056768K
  class space    used 688K, capacity 772K, committed 896K, reserved 1048576K
}
Event: 1.400 GC heap after
{Heap after GC invocations=1 (full 0):
 garbage-first heap   total 65536K, used 2106K [0x00000000c1400000, 0x0000000100000000)
  region size 1024K, 1 young (1024K), 1 survivors (1024K)
 Metaspace       used 7881K, capacity 7998K, committed 8320K, reserved 1056768K
  class space    used 688K, capacity 772K, committed 896K, reserved 1048576K
}
Event: 1.956 GC heap before
{Heap before GC invocations=1 (full 0):
 garbage-first heap   total 65536K, used 6202K [0x00000000c1400000, 0x0000000100000000)
  region size 1024K, 5 young (5120K), 1 survivors (1024K)
 Metaspace       used 10077K, capacity 10217K, committed 10240K, reserved 1058816K
  class space    used 941K, capacity 1024K, committed 1024K, reserved 1048576K
}
Event: 1.964 GC heap after
{Heap after GC invocations=2 (full 0):
 garbage-first heap   total 65536K, used 3035K [0x00000000c1400000, 0x0000000100000000)
  region size 1024K, 1 young (1024K), 1 survivors (1024K)
 Metaspace       used 10077K, capacity 10217K, committed 10240K, reserved 1058816K
  class space    used 941K, capacity 1024K, committed 1024K, reserved 1048576K
}
Event: 3.001 GC heap before
{Heap before GC invocations=2 (full 0):
 garbage-first heap   total 65536K, used 14299K [0x00000000c1400000, 0x0000000100000000)
  region size 1024K, 12 young (12288K), 1 survivors (1024K)
 Metaspace       used 12482K, capacity 12629K, committed 12928K, reserved 1060864K
  class space    used 1253K, capacity 1316K, committed 1408K, reserved 1048576K
}
Event: 3.009 GC heap after
{Heap after GC invocations=3 (full 0):
 garbage-first heap   total 65536K, used 3569K [0x00000000c1400000, 0x0000000100000000)
  region size 1024K, 2 young (2048K), 2 survivors (2048K)
 Metaspace       used 12482K, capacity 12629K, committed 12928K, reserved 1060864K
  class space    used 1253K, capacity 1316K, committed 1408K, reserved 1048576K
}
Event: 3.962 GC heap before
{Heap before GC invocations=3 (full 0):
 garbage-first heap   total 65536K, used 18929K [0x00000000c1400000, 0x0000000100000000)
  region size 1024K, 18 young (18432K), 2 survivors (2048K)
 Metaspace       used 13759K, capacity 13957K, committed 14080K, reserved 1062912K
  class space    used 1403K, capacity 1479K, committed 1536K, reserved 1048576K
}
Event: 3.971 GC heap after
{Heap after GC invocations=4 (full 0):
 garbage-first heap   total 65536K, used 4125K [0x00000000c1400000, 0x0000000100000000)
  region size 1024K, 2 young (2048K), 2 survivors (2048K)
 Metaspace       used 13759K, capacity 13957K, committed 14080K, reserved 1062912K
  class space    used 1403K, capacity 1479K, committed 1536K, reserved 1048576K
}

